10 sequence; length of alignment 231
alifold output
   30   139  0 100.0%   0.000 CG:5    GC:3    UA:2   
   28   140  0 100.0%   0.000 CG:1    GC:6    AU:3   
  154   211  0 100.0%   0.001 CG:4    GC:5    AU:1   
    6   227  0  99.8%   0.005 CG:6    GC:3    AU:1   
    7   226  0 100.0%   0.000 CG:6    GC:4   
   32   138  0 100.0%   0.000 CG:5    GC:5   
    8   224  0 100.0%   0.000 CG:9    UG:1   
  158   205  0 100.0%   0.001 GC:8    AU:2   
  177   185  0 100.0%   0.001 CG:6    GC:4   
   10   221  0 100.0%   0.001 GC:5    GU:5   
  172   188  0  99.9%   0.002 GC:4    AU:6   
  170   190  0  99.9%   0.005 GC:5    GU:5   
  153   212  1  99.3%   0.022 CG:4    GC:1    GU:1    AU:2    UA:1   
  157   206  2  99.8%   0.005 CG:2    GC:2    GU:1    AU:1    UA:2   
   13   218  0  99.0%   0.029 CG:8    UG:2   
  159   204  1  99.5%   0.016 CG:1    GC:7    GU:1   
  178   183  1  99.9%   0.003 CG:8    GC:1   
   27   141  0  99.9%   0.003 GC:10  
  171   189  1 100.0%   0.001 GC:9   
  173   187  2  99.8%   0.006 GC:5    UA:2    --:1   
   73   105  0  99.4%   0.043 GC:10  
   72   106  0  99.4%   0.030 CG:10  
   11   220  1  99.9%   0.005 GC:9   
   71   108  0  98.8%   0.043 CG:10  
  168   194  0  97.4%   0.078 CG:5    GC:5   
   78   104  0  96.7%   0.098 GC:6    UA:4   
  169   193  0  97.2%   0.085 UG:10  
   34   137  0  94.8%   0.155 GC:9    AU:1   
   41   118  1  89.5%   0.300 CG:5    UG:4   
   57   113  0  86.0%   0.402 GC:1    AU:5    UA:4   
   68   112  0  85.3%   0.710 CG:10  
   36   136  0  79.0%   0.633 GC:9    UG:1   
  149   214  0  76.0%   0.625 CG:1    GU:5    UA:4   
  166   199  0  65.7%   0.831 CG:5    UA:5   
   87    99  0  31.7%   1.321 CG:10   +
   40   136  2  19.2%   1.392 GC:8    +
   40    68  1   5.9%   0.577 GC:9    +
   36   137  1   5.2%   0.769 GC:8    GU:1    +
   22   144  1   3.6%   0.368 CG:5    GC:1    UG:3    +
   55   112  0   4.0%   0.529 CG:10   +
   86    99  0   2.6%   0.413 CG:4    UG:6    +
   81    99  0   3.4%   0.355 CG:10   +
   21   146  2   3.3%   0.340 GC:4    GU:4    +
   40    55  1   1.7%   0.276 GC:9    +
   92   106  0   0.1%   0.044 CG:8    UG:1    --:1    +
   73    92  0   0.1%   0.039 GC:8    GU:1    --:1    +
   36    55  1   1.5%   0.194 GC:9    +
  149   216  1   0.9%   0.340 GC:4    UA:3    --:2    +
   89   100  0   0.8%   0.126 UA:10   +
   90    99  1   0.7%   0.691 CG:5    UG:4    +
  105   112  0   0.4%   0.344 CG:10   +
  109   114  0   0.3%   0.061 AU:10   +
  114   118  0   0.3%   0.173 UG:10   +
  146   218  1   0.1%   0.173 CG:5    UG:4    +
   99   105  0   0.1%   0.658 GC:10   +
   91   108  1   0.1%   0.044 CG:4    UG:5    +
   72    99  0   0.1%   0.030 CG:10   +
   73    87  0   0.1%   0.030 GC:10   +
   55    73  0   0.1%   0.154 CG:10   +
   15   218  1   0.4%   0.076 CG:9    +
   52   113  2   0.2%   0.039 AU:5    UA:3    +
   40   114  1   0.1%   0.273 GU:9    +
  144   220  2   0.1%   0.151 GC:8    +
.....(((.((.(.............((.(.(.(.(....(...............(..........(..(((....(.........................))).)...))....).................)))))).......(...((..(((......(.((((((...((....).).))))..))....)....)))....)).)...).))..).))....
