
                         MODELLER 9.9, 2011/03/29, r7963

     PROTEIN STRUCTURE MODELLING BY SATISFACTION OF SPATIAL RESTRAINTS


                     Copyright(c) 1989-2011 Andrej Sali
                            All Rights Reserved

                             Written by A. Sali
                               with help from
           B. Webb, M.S. Madhusudhan, M-Y. Shen, M.A. Marti-Renom,
                N. Eswar, F. Alber, M. Topf, B. Oliva, A. Fiser,
                    R. Sanchez, B. Yerkovich, A. Badretdinov,
                      F. Melo, J.P. Overington, E. Feyfant
                 University of California, San Francisco, USA
                    Rockefeller University, New York, USA
                      Harvard University, Cambridge, USA
                   Imperial Cancer Research Fund, London, UK
              Birkbeck College, University of London, London, UK


Kind, OS, HostName, Kernel, Processor: 4, Darwin gliese.csail.mit.edu 10.7.0 i386
Date and time of compilation         : 2011/03/29 20:15:36
MODELLER executable type             : mac10v4-intel
Job starting time (YY/MM/DD HH:MM:SS): 2011/04/29 13:16:36

fndatmi_285W> Only      317 residues out of      318 contain atoms of type  CA
              (This is usually caused by non-standard residues, such
              as ligands, or by PDB files with missing atoms.)
mkapsa__637W> No residue topology library is in memory.
              Better radii would be used if topology.read() is called first.
iup2crm_280W> No topology library in memory or assigning a BLK residue.
              Default CHARMM atom type assigned:  N -->  N
              This message is written only for the first such atom.
fndatmi_285W> Only      317 residues out of      318 contain atoms of type  CA
              (This is usually caused by non-standard residues, such
              as ligands, or by PDB files with missing atoms.)
fndatmi_285W> Only      317 residues out of      318 contain atoms of type  CA
              (This is usually caused by non-standard residues, such
              as ligands, or by PDB files with missing atoms.)

Pairwise dynamic programming alignment (ALIGN2D):
  Residue-residue metric   : $(LIB)/as1.sim.mat
  Diagonal                 :          100
  Overhang                 :            0
  Maximal gap length       :       999999
  Local alignment          :            F
  MATRIX_OFFSET (local aln):       0.0000
  FIX_OFFSETS              :      0.0    -1.0    -2.0    -3.0    -4.0
  N_SUBOPT                 :            0
  SUBOPT_OFFSET            :       0.0000
  Alignment block          :            1
  Gap introduction penalty :    -100.0000
  Gap extension penalty    :       0.0000
  Gap diagonal penalty     :       0.0000
  Structure gap penalties  :    3.500   3.500   3.500   0.200   4.000   6.500   2.000   0.000
  Length of alignment      :          336
  Score                    :  207195.5469
Total CPU time [seconds]                                 :      35.89
